#
# A fatal error has been detected by the Java Runtime Environment:
#
#  SIGSEGV (0xb) at pc=0x00007f72a04cdc71, pid=39405, tid=39417
#
# JRE version: OpenJDK Runtime Environment (11.0.7+10) (build 11.0.7+10-post-Ubuntu-3ubuntu1)
# Java VM: OpenJDK 64-Bit Server VM (11.0.7+10-post-Ubuntu-3ubuntu1, mixed mode, sharing, tiered, compressed oops, g1 gc, linux-amd64)
# Problematic frame:
# V  [libjvm.so+0x62bc71]
#
# Core dump will be written. Default location: Core dumps may be processed with "/usr/share/apport/apport %p %s %c %d %P %E" (or dumping to /home/amadou/CoursINSA3MIC/BE_graphe/projet/be-graphes/be-graphes-algos/core.39405)
#
# If you would like to submit a bug report, please visit:
#   https://bugs.launchpad.net/ubuntu/+source/openjdk-lts
#

---------------  S U M M A R Y ------------

Command Line: -agentlib:jdwp=transport=dt_socket,suspend=y,address=localhost:41411 -javaagent:/home/amadou/.eclipse/360744286_linux_gtk_x86_64/configuration/org.eclipse.osgi/222/0/.cp/lib/javaagent-shaded.jar -Dfile.encoding=UTF-8 org.insa.graphs.algorithm.packageswitch.SwitchAlgorithm

Host: Intel(R) Core(TM) i7-6500U CPU @ 2.50GHz, 4 cores, 7G, Ubuntu 20.04 LTS
Time: Tue May 19 15:14:21 2020 CEST elapsed time: 6367 seconds (0d 1h 46m 7s)

---------------  T H R E A D  ---------------

Current thread (0x00007f7298174800):  VMThread "VM Thread" [stack: 0x00007f7278070000,0x00007f7278170000] [id=39417]

Stack: [0x00007f7278070000,0x00007f7278170000],  sp=0x00007f727816e468,  free space=1017k
Native frames: (J=compiled Java code, A=aot compiled Java code, j=interpreted, Vv=VM code, C=native code)
V  [libjvm.so+0x62bc71]
V  [libjvm.so+0x7989e3]
V  [libjvm.so+0x79a474]
V  [libjvm.so+0x79a743]
V  [libjvm.so+0xb77a74]
V  [libjvm.so+0xb7876b]
V  [libjvm.so+0xb78c7b]
V  [libjvm.so+0xb1e00e]
V  [libjvm.so+0x9ba78e]
V  [libjvm.so+0xd8eaf0]
V  [libjvm.so+0xd94927]
V  [libjvm.so+0xd94f60]
V  [libjvm.so+0xd952c6]
V  [libjvm.so+0xd1e610]
V  [libjvm.so+0xb8e5e6]


siginfo: si_signo: 11 (SIGSEGV), si_code: 2 (SEGV_ACCERR), si_addr: 0x00007f72806fd380

Register to memory mapping:

RAX=0x00007f72806fd380 is an unknown value
RBX=0x0000000000000001 is an unknown value
RCX=0x000000000000cab2 is an unknown value
RDX=0x0 is NULL
RSP=0x00007f727816e468 points into unknown readable memory: e8 64 63 a0 72 7f 00 00
RBP=0x00007f727816e4c0 points into unknown readable memory: 70 e5 16 78 72 7f 00 00
RSI=0x0000000000195640 is an unknown value
RDI=0x00007f7280561540 is pointing into metadata
R8 =0x00000000000000af is an unknown value
R9 =0x0 is NULL
R10=0x0 is NULL
R11=0x0 is NULL
R12=0x00007f727816e730 points into unknown readable memory: c0 97 ee a0 72 7f 00 00
R13=0x0000000000000001 is an unknown value
R14=0x00000000000000af is an unknown value
R15=0x00007f7280561540 is pointing into metadata


Registers:
RAX=0x00007f72806fd380, RBX=0x0000000000000001, RCX=0x000000000000cab2, RDX=0x0000000000000000
RSP=0x00007f727816e468, RBP=0x00007f727816e4c0, RSI=0x0000000000195640, RDI=0x00007f7280561540
R8 =0x00000000000000af, R9 =0x0000000000000000, R10=0x0000000000000000, R11=0x0000000000000000
R12=0x00007f727816e730, R13=0x0000000000000001, R14=0x00000000000000af, R15=0x00007f7280561540
RIP=0x00007f72a04cdc71, EFLAGS=0x0000000000010202, CSGSFS=0x002b000000000033, ERR=0x0000000000000004
  TRAPNO=0x000000000000000e

Top of Stack: (sp=0x00007f727816e468)
0x00007f727816e468:   00007f72a06364e8 00007f72805627e8
0x00007f727816e478:   00007f7298174800 8fffffff4600008d
0x00007f727816e488:   00007f72a0fe2a04 00007f728fffffff
0x00007f727816e498:   0000000000000137 00000000000000b2 

Instructions: (pc=0x00007f72a04cdc71)
0x00007f72a04cdb71:   8b 47 08 48 63 f6 0f b6 44 30 04 3c 12 74 d7 48
0x00007f72a04cdb81:   8b 47 08 0f b6 44 30 04 3c 11 74 ca 48 8b 47 08
0x00007f72a04cdb91:   0f b6 44 30 04 eb bf 0f 1f 84 00 00 00 00 00 f7
0x00007f72a04cdba1:   d6 48 63 f6 48 c1 e6 05 48 8d 44 30 28 48 8b 00
0x00007f72a04cdbb1:   0f b7 c0 0f b7 44 c7 42 eb a1 90 0f 1f 40 00 f3
0x00007f72a04cdbc1:   0f 1e fa 84 d2 75 38 48 8b 47 10 48 85 c0 74 2f
0x00007f72a04cdbd1:   85 f6 78 5b 48 63 f6 48 c1 e6 05 48 8d 44 30 28
0x00007f72a04cdbe1:   48 8b 30 0f b7 f6 0f b7 44 f7 42 0f b7 44 c7 42
0x00007f72a04cdbf1:   48 8b 44 c7 40 c3 66 0f 1f 84 00 00 00 00 00 48
0x00007f72a04cdc01:   8b 47 08 48 63 f6 0f b6 44 30 04 3c 12 74 d7 48
0x00007f72a04cdc11:   8b 47 08 0f b6 44 30 04 3c 11 74 ca 48 8b 47 08
0x00007f72a04cdc21:   0f b6 44 30 04 eb bf 0f 1f 84 00 00 00 00 00 f7
0x00007f72a04cdc31:   d6 48 63 f6 48 c1 e6 05 48 8d 44 30 28 48 8b 00
0x00007f72a04cdc41:   0f b7 c0 0f b7 44 c7 42 eb a1 90 0f 1f 40 00 f3
0x00007f72a04cdc51:   0f 1e fa 84 d2 75 28 48 8b 47 10 48 85 c0 74 1f
0x00007f72a04cdc61:   85 f6 78 4b 48 63 f6 48 c1 e6 05 48 8d 44 30 28
0x00007f72a04cdc71:   48 8b 30 0f b7 f6 0f b7 44 f7 42 c3 0f 1f 00 48
0x00007f72a04cdc81:   8b 47 08 48 63 f6 0f b6 44 30 04 3c 12 74 e7 48
0x00007f72a04cdc91:   8b 47 08 0f b6 44 30 04 3c 11 74 da 48 8b 47 08
0x00007f72a04cdca1:   0f b6 44 30 04 0f b7 44 f7 42 c3 0f 1f 40 00 f7
0x00007f72a04cdcb1:   d6 48 63 f6 48 c1 e6 05 48 8d 44 30 28 48 8b 00
0x00007f72a04cdcc1:   0f b7 c0 0f b7 44 c7 42 c3 66 0f 1f 44 00 00 f3
0x00007f72a04cdcd1:   0f 1e fa 84 d2 75 21 48 8b 47 10 48 85 c0 74 18
0x00007f72a04cdce1:   85 f6 79 02 f7 d6 48 63 f6 48 c1 e6 05 48 8d 44
0x00007f72a04cdcf1:   30 28 48 8b 30 0f b7 f6 48 8b 47 08 48 63 f6 0f
0x00007f72a04cdd01:   b6 44 30 04 c3 66 2e 0f 1f 84 00 00 00 00 00 f3
0x00007f72a04cdd11:   0f 1e fa 55 48 89 e5 41 55 41 89 d5 41 54 49 89
0x00007f72a04cdd21:   fc 53 48 63 de 48 83 ec 08 85 db 78 32 45 84 ed
0x00007f72a04cdd31:   75 19 49 8b 44 24 10 48 85 c0 74 0f 48 c1 e3 05
0x00007f72a04cdd41:   48 8d 44 18 28 48 8b 18 0f b7 db 41 0f b7 44 dc
0x00007f72a04cdd51:   40 48 83 c4 08 5b 41 5c 41 5d 5d c3 0f 1f 00 48
0x00007f72a04cdd61:   8d 05 01 d5 ac 00 48 8d 0d 9a 8a 80 00 48 8d 15 


Stack slot to memory mapping:
stack at sp + 0 slots: 0x00007f72a06364e8: <offset 0x00000000007944e8> in /usr/lib/jvm/java-11-openjdk-amd64/lib/server/libjvm.so at 0x00007f729fea2000
stack at sp + 1 slots: {method} {0x00007f72805627e8} 'main' '([Ljava/lang/String;)V' in 'org/insa/graphs/algorithm/packageswitch/SwitchAlgorithm'
stack at sp + 2 slots: 0x00007f7298174800 points into unknown readable memory: 00 4c f9 a0 72 7f 00 00
stack at sp + 3 slots: 0x8fffffff4600008d is an unknown value
stack at sp + 4 slots: 0x00007f72a0fe2a04: <offset 0x0000000001140a04> in /usr/lib/jvm/java-11-openjdk-amd64/lib/server/libjvm.so at 0x00007f729fea2000
stack at sp + 5 slots: 0x00007f728fffffff points into unknown readable memory: 00
stack at sp + 6 slots: 0x0000000000000137 is an unknown value
stack at sp + 7 slots: 0x00000000000000b2 is an unknown value

VM_Operation (0x00007f7262b19950): GetOrSetLocal, mode: safepoint, requested by thread 0x00007f72981d4000


---------------  P R O C E S S  ---------------

Threads class SMR info:
_java_thread_list=0x00007f72982616a0, length=12, elements={
0x00007f7298017800, 0x00007f7298177800, 0x00007f7298179800, 0x00007f729817f000,
0x00007f7298181800, 0x00007f7298183800, 0x00007f7298185800, 0x00007f7298193800,
0x00007f72981d4000, 0x00007f72981d8000, 0x00007f723c001800, 0x00007f7298260000
}

Java Threads: ( => current thread )
  0x00007f7298017800 JavaThread "main" [_thread_blocked, id=39408, stack(0x00007f729fa56000,0x00007f729fb57000)]
  0x00007f7298177800 JavaThread "Reference Handler" daemon [_thread_blocked, id=39418, stack(0x00007f7263eff000,0x00007f7264000000)]
  0x00007f7298179800 JavaThread "Finalizer" daemon [_thread_blocked, id=39419, stack(0x00007f7263dfe000,0x00007f7263eff000)]
  0x00007f729817f000 JavaThread "Signal Dispatcher" daemon [_thread_blocked, id=39420, stack(0x00007f7262f1f000,0x00007f7263020000)]
  0x00007f7298181800 JavaThread "C2 CompilerThread0" daemon [_thread_blocked, id=39421, stack(0x00007f7262e1e000,0x00007f7262f1f000)]
  0x00007f7298183800 JavaThread "C1 CompilerThread0" daemon [_thread_blocked, id=39422, stack(0x00007f7262d1d000,0x00007f7262e1e000)]
  0x00007f7298185800 JavaThread "Sweeper thread" daemon [_thread_blocked, id=39423, stack(0x00007f7262c1c000,0x00007f7262d1d000)]
  0x00007f7298193800 JavaThread "Common-Cleaner" daemon [_thread_blocked, id=39424, stack(0x00007f7262b1b000,0x00007f7262c1c000)]
  0x00007f72981d4000 JavaThread "JDWP Transport Listener: dt_socket" daemon [_thread_blocked, id=39426, stack(0x00007f7262a1a000,0x00007f7262b1b000)] _threads_hazard_ptr=0x00007f72982616a0
  0x00007f72981d8000 JavaThread "JDWP Event Helper Thread" daemon [_thread_blocked, id=39429, stack(0x00007f7262919000,0x00007f7262a1a000)]
  0x00007f723c001800 JavaThread "JDWP Command Reader" daemon [_thread_in_native, id=39430, stack(0x00007f7262818000,0x00007f7262919000)]
  0x00007f7298260000 JavaThread "Service Thread" daemon [_thread_blocked, id=39432, stack(0x00007f7262717000,0x00007f7262818000)]

Other Threads:
=>0x00007f7298174800 VMThread "VM Thread" [stack: 0x00007f7278070000,0x00007f7278170000] [id=39417]
  0x00007f7298265800 WatcherThread [stack: 0x00007f7262617000,0x00007f7262717000] [id=39433]
  0x00007f7298030000 GCTaskThread "GC Thread#0" [stack: 0x00007f729f6bf000,0x00007f729f7bf000] [id=39412]
  0x00007f7298060800 ConcurrentGCThread "G1 Main Marker" [stack: 0x00007f729c772000,0x00007f729c872000] [id=39413]
  0x00007f7298062800 ConcurrentGCThread "G1 Conc#0" [stack: 0x00007f729c670000,0x00007f729c770000] [id=39414]
  0x00007f72980da800 ConcurrentGCThread "G1 Refine#0" [stack: 0x00007f729c16a000,0x00007f729c26a000] [id=39415]
  0x00007f72980dc800 ConcurrentGCThread "G1 Young RemSet Sampling" [stack: 0x00007f729c068000,0x00007f729c168000] [id=39416]

Threads with active compile tasks:

VM state:at safepoint (normal execution)

VM Mutex/Monitor currently owned by a thread:  ([mutex/lock_event])
[0x00007f7298014210] Threads_lock - owner thread: 0x00007f7298174800

Heap address: 0x0000000085c00000, size: 1956 MB, Compressed Oops mode: 32-bit
Narrow klass base: 0x0000000800000000, Narrow klass shift: 3
Compressed class space size: 1073741824 Address: 0x0000000840000000

Heap:
 garbage-first heap   total 129024K, used 9924K [0x0000000085c00000, 0x0000000100000000)
  region size 1024K, 10 young (10240K), 0 survivors (0K)
 Metaspace       used 3120K, capacity 5287K, committed 5376K, reserved 1056768K
  class space    used 283K, capacity 483K, committed 512K, reserved 1048576K
Heap Regions: E=young(eden), S=young(survivor), O=old, HS=humongous(starts), HC=humongous(continues), CS=collection set, F=free, A=archive, TAMS=top-at-mark-start (previous, next)
|   0|0x0000000085c00000, 0x0000000085c00000, 0x0000000085d00000|  0%| F|  |TAMS 0x0000000085c00000, 0x0000000085c00000| Untracked 
|   1|0x0000000085d00000, 0x0000000085d00000, 0x0000000085e00000|  0%| F|  |TAMS 0x0000000085d00000, 0x0000000085d00000| Untracked 
|   2|0x0000000085e00000, 0x0000000085e00000, 0x0000000085f00000|  0%| F|  |TAMS 0x0000000085e00000, 0x0000000085e00000| Untracked 
|   3|0x0000000085f00000, 0x0000000085f00000, 0x0000000086000000|  0%| F|  |TAMS 0x0000000085f00000, 0x0000000085f00000| Untracked 
|   4|0x0000000086000000, 0x0000000086000000, 0x0000000086100000|  0%| F|  |TAMS 0x0000000086000000, 0x0000000086000000| Untracked 
|   5|0x0000000086100000, 0x0000000086100000, 0x0000000086200000|  0%| F|  |TAMS 0x0000000086100000, 0x0000000086100000| Untracked 
|   6|0x0000000086200000, 0x0000000086200000, 0x0000000086300000|  0%| F|  |TAMS 0x0000000086200000, 0x0000000086200000| Untracked 
|   7|0x0000000086300000, 0x0000000086300000, 0x0000000086400000|  0%| F|  |TAMS 0x0000000086300000, 0x0000000086300000| Untracked 
|   8|0x0000000086400000, 0x0000000086400000, 0x0000000086500000|  0%| F|  |TAMS 0x0000000086400000, 0x0000000086400000| Untracked 
|   9|0x0000000086500000, 0x0000000086500000, 0x0000000086600000|  0%| F|  |TAMS 0x0000000086500000, 0x0000000086500000| Untracked 
|  10|0x0000000086600000, 0x0000000086600000, 0x0000000086700000|  0%| F|  |TAMS 0x0000000086600000, 0x0000000086600000| Untracked 
|  11|0x0000000086700000, 0x0000000086700000, 0x0000000086800000|  0%| F|  |TAMS 0x0000000086700000, 0x0000000086700000| Untracked 
|  12|0x0000000086800000, 0x0000000086800000, 0x0000000086900000|  0%| F|  |TAMS 0x0000000086800000, 0x0000000086800000| Untracked 
|  13|0x0000000086900000, 0x0000000086900000, 0x0000000086a00000|  0%| F|  |TAMS 0x0000000086900000, 0x0000000086900000| Untracked 
|  14|0x0000000086a00000, 0x0000000086a00000, 0x0000000086b00000|  0%| F|  |TAMS 0x0000000086a00000, 0x0000000086a00000| Untracked 
|  15|0x0000000086b00000, 0x0000000086b00000, 0x0000000086c00000|  0%| F|  |TAMS 0x0000000086b00000, 0x0000000086b00000| Untracked 
|  16|0x0000000086c00000, 0x0000000086c00000, 0x0000000086d00000|  0%| F|  |TAMS 0x0000000086c00000, 0x0000000086c00000| Untracked 
|  17|0x0000000086d00000, 0x0000000086d00000, 0x0000000086e00000|  0%| F|  |TAMS 0x0000000086d00000, 0x0000000086d00000| Untracked 
|  18|0x0000000086e00000, 0x0000000086e00000, 0x0000000086f00000|  0%| F|  |TAMS 0x0000000086e00000, 0x0000000086e00000| Untracked 
|  19|0x0000000086f00000, 0x0000000086f00000, 0x0000000087000000|  0%| F|  |TAMS 0x0000000086f00000, 0x0000000086f00000| Untracked 
|  20|0x0000000087000000, 0x0000000087000000, 0x0000000087100000|  0%| F|  |TAMS 0x0000000087000000, 0x0000000087000000| Untracked 
|  21|0x0000000087100000, 0x0000000087100000, 0x0000000087200000|  0%| F|  |TAMS 0x0000000087100000, 0x0000000087100000| Untracked 
|  22|0x0000000087200000, 0x0000000087200000, 0x0000000087300000|  0%| F|  |TAMS 0x0000000087200000, 0x0000000087200000| Untracked 
|  23|0x0000000087300000, 0x0000000087300000, 0x0000000087400000|  0%| F|  |TAMS 0x0000000087300000, 0x0000000087300000| Untracked 
|  24|0x0000000087400000, 0x0000000087400000, 0x0000000087500000|  0%| F|  |TAMS 0x0000000087400000, 0x0000000087400000| Untracked 
|  25|0x0000000087500000, 0x0000000087500000, 0x0000000087600000|  0%| F|  |TAMS 0x0000000087500000, 0x0000000087500000| Untracked 
|  26|0x0000000087600000, 0x0000000087600000, 0x0000000087700000|  0%| F|  |TAMS 0x0000000087600000, 0x0000000087600000| Untracked 
|  27|0x0000000087700000, 0x0000000087700000, 0x0000000087800000|  0%| F|  |TAMS 0x0000000087700000, 0x0000000087700000| Untracked 
|  28|0x0000000087800000, 0x0000000087800000, 0x0000000087900000|  0%| F|  |TAMS 0x0000000087800000, 0x0000000087800000| Untracked 
|  29|0x0000000087900000, 0x0000000087900000, 0x0000000087a00000|  0%| F|  |TAMS 0x0000000087900000, 0x0000000087900000| Untracked 
|  30|0x0000000087a00000, 0x0000000087a00000, 0x0000000087b00000|  0%| F|  |TAMS 0x0000000087a00000, 0x0000000087a00000| Untracked 
|  31|0x0000000087b00000, 0x0000000087b00000, 0x0000000087c00000|  0%| F|  |TAMS 0x0000000087b00000, 0x0000000087b00000| Untracked 
|  32|0x0000000087c00000, 0x0000000087c00000, 0x0000000087d00000|  0%| F|  |TAMS 0x0000000087c00000, 0x0000000087c00000| Untracked 
|  33|0x0000000087d00000, 0x0000000087d00000, 0x0000000087e00000|  0%| F|  |TAMS 0x0000000087d00000, 0x0000000087d00000| Untracked 
|  34|0x0000000087e00000, 0x0000000087e00000, 0x0000000087f00000|  0%| F|  |TAMS 0x0000000087e00000, 0x0000000087e00000| Untracked 
|  35|0x0000000087f00000, 0x0000000087f00000, 0x0000000088000000|  0%| F|  |TAMS 0x0000000087f00000, 0x0000000087f00000| Untracked 
|  36|0x0000000088000000, 0x0000000088000000, 0x0000000088100000|  0%| F|  |TAMS 0x0000000088000000, 0x0000000088000000| Untracked 
|  37|0x0000000088100000, 0x0000000088100000, 0x0000000088200000|  0%| F|  |TAMS 0x0000000088100000, 0x0000000088100000| Untracked 
|  38|0x0000000088200000, 0x0000000088200000, 0x0000000088300000|  0%| F|  |TAMS 0x0000000088200000, 0x0000000088200000| Untracked 
|  39|0x0000000088300000, 0x0000000088300000, 0x0000000088400000|  0%| F|  |TAMS 0x0000000088300000, 0x0000000088300000| Untracked 
|  40|0x0000000088400000, 0x0000000088400000, 0x0000000088500000|  0%| F|  |TAMS 0x0000000088400000, 0x0000000088400000| Untracked 
|  41|0x0000000088500000, 0x0000000088500000, 0x0000000088600000|  0%| F|  |TAMS 0x0000000088500000, 0x0000000088500000| Untracked 
|  42|0x0000000088600000, 0x0000000088600000, 0x0000000088700000|  0%| F|  |TAMS 0x0000000088600000, 0x0000000088600000| Untracked 
|  43|0x0000000088700000, 0x0000000088700000, 0x0000000088800000|  0%| F|  |TAMS 0x0000000088700000, 0x0000000088700000| Untracked 
|  44|0x0000000088800000, 0x0000000088800000, 0x0000000088900000|  0%| F|  |TAMS 0x0000000088800000, 0x0000000088800000| Untracked 
|  45|0x0000000088900000, 0x0000000088900000, 0x0000000088a00000|  0%| F|  |TAMS 0x0000000088900000, 0x0000000088900000| Untracked 
|  46|0x0000000088a00000, 0x0000000088a00000, 0x0000000088b00000|  0%| F|  |TAMS 0x0000000088a00000, 0x0000000088a00000| Untracked 
|  47|0x0000000088b00000, 0x0000000088b00000, 0x0000000088c00000|  0%| F|  |TAMS 0x0000000088b00000, 0x0000000088b00000| Untracked 
|  48|0x0000000088c00000, 0x0000000088c00000, 0x0000000088d00000|  0%| F|  |TAMS 0x0000000088c00000, 0x0000000088c00000| Untracked 
|  49|0x0000000088d00000, 0x0000000088d00000, 0x0000000088e00000|  0%| F|  |TAMS 0x0000000088d00000, 0x0000000088d00000| Untracked 
|  50|0x0000000088e00000, 0x0000000088e00000, 0x0000000088f00000|  0%| F|  |TAMS 0x0000000088e00000, 0x0000000088e00000| Untracked 
|  51|0x0000000088f00000, 0x0000000088f00000, 0x0000000089000000|  0%| F|  |TAMS 0x0000000088f00000, 0x0000000088f00000| Untracked 
|  52|0x0000000089000000, 0x0000000089000000, 0x0000000089100000|  0%| F|  |TAMS 0x0000000089000000, 0x0000000089000000| Untracked 
|  53|0x0000000089100000, 0x0000000089100000, 0x0000000089200000|  0%| F|  |TAMS 0x0000000089100000, 0x0000000089100000| Untracked 
|  54|0x0000000089200000, 0x0000000089200000, 0x0000000089300000|  0%| F|  |TAMS 0x0000000089200000, 0x0000000089200000| Untracked 
|  55|0x0000000089300000, 0x0000000089300000, 0x0000000089400000|  0%| F|  |TAMS 0x0000000089300000, 0x0000000089300000| Untracked 
|  56|0x0000000089400000, 0x0000000089400000, 0x0000000089500000|  0%| F|  |TAMS 0x0000000089400000, 0x0000000089400000| Untracked 
|  57|0x0000000089500000, 0x0000000089500000, 0x0000000089600000|  0%| F|  |TAMS 0x0000000089500000, 0x0000000089500000| Untracked 
|  58|0x0000000089600000, 0x0000000089600000, 0x0000000089700000|  0%| F|  |TAMS 0x0000000089600000, 0x0000000089600000| Untracked 
|  59|0x0000000089700000, 0x0000000089700000, 0x0000000089800000|  0%| F|  |TAMS 0x0000000089700000, 0x0000000089700000| Untracked 
|  60|0x0000000089800000, 0x0000000089800000, 0x0000000089900000|  0%| F|  |TAMS 0x0000000089800000, 0x0000000089800000| Untracked 
|  61|0x0000000089900000, 0x0000000089900000, 0x0000000089a00000|  0%| F|  |TAMS 0x0000000089900000, 0x0000000089900000| Untracked 
|  62|0x0000000089a00000, 0x0000000089a00000, 0x0000000089b00000|  0%| F|  |TAMS 0x0000000089a00000, 0x0000000089a00000| Untracked 
|  63|0x0000000089b00000, 0x0000000089b00000, 0x0000000089c00000|  0%| F|  |TAMS 0x0000000089b00000, 0x0000000089b00000| Untracked 
|  64|0x0000000089c00000, 0x0000000089c00000, 0x0000000089d00000|  0%| F|  |TAMS 0x0000000089c00000, 0x0000000089c00000| Untracked 
|  65|0x0000000089d00000, 0x0000000089d00000, 0x0000000089e00000|  0%| F|  |TAMS 0x0000000089d00000, 0x0000000089d00000| Untracked 
|  66|0x0000000089e00000, 0x0000000089e00000, 0x0000000089f00000|  0%| F|  |TAMS 0x0000000089e00000, 0x0000000089e00000| Untracked 
|  67|0x0000000089f00000, 0x0000000089f00000, 0x000000008a000000|  0%| F|  |TAMS 0x0000000089f00000, 0x0000000089f00000| Untracked 
|  68|0x000000008a000000, 0x000000008a000000, 0x000000008a100000|  0%| F|  |TAMS 0x000000008a000000, 0x000000008a000000| Untracked 
|  69|0x000000008a100000, 0x000000008a100000, 0x000000008a200000|  0%| F|  |TAMS 0x000000008a100000, 0x000000008a100000| Untracked 
|  70|0x000000008a200000, 0x000000008a200000, 0x000000008a300000|  0%| F|  |TAMS 0x000000008a200000, 0x000000008a200000| Untracked 
|  71|0x000000008a300000, 0x000000008a300000, 0x000000008a400000|  0%| F|  |TAMS 0x000000008a300000, 0x000000008a300000| Untracked 
|  72|0x000000008a400000, 0x000000008a400000, 0x000000008a500000|  0%| F|  |TAMS 0x000000008a400000, 0x000000008a400000| Untracked 
|  73|0x000000008a500000, 0x000000008a500000, 0x000000008a600000|  0%| F|  |TAMS 0x000000008a500000, 0x000000008a500000| Untracked 
|  74|0x000000008a600000, 0x000000008a600000, 0x000000008a700000|  0%| F|  |TAMS 0x000000008a600000, 0x000000008a600000| Untracked 
|  75|0x000000008a700000, 0x000000008a700000, 0x000000008a800000|  0%| F|  |TAMS 0x000000008a700000, 0x000000008a700000| Untracked 
|  76|0x000000008a800000, 0x000000008a800000, 0x000000008a900000|  0%| F|  |TAMS 0x000000008a800000, 0x000000008a800000| Untracked 
|  77|0x000000008a900000, 0x000000008a900000, 0x000000008aa00000|  0%| F|  |TAMS 0x000000008a900000, 0x000000008a900000| Untracked 
|  78|0x000000008aa00000, 0x000000008aa00000, 0x000000008ab00000|  0%| F|  |TAMS 0x000000008aa00000, 0x000000008aa00000| Untracked 
|  79|0x000000008ab00000, 0x000000008ab00000, 0x000000008ac00000|  0%| F|  |TAMS 0x000000008ab00000, 0x000000008ab00000| Untracked 
|  80|0x000000008ac00000, 0x000000008ac00000, 0x000000008ad00000|  0%| F|  |TAMS 0x000000008ac00000, 0x000000008ac00000| Untracked 
|  81|0x000000008ad00000, 0x000000008ad00000, 0x000000008ae00000|  0%| F|  |TAMS 0x000000008ad00000, 0x000000008ad00000| Untracked 
|  82|0x000000008ae00000, 0x000000008ae00000, 0x000000008af00000|  0%| F|  |TAMS 0x000000008ae00000, 0x000000008ae00000| Untracked 
|  83|0x000000008af00000, 0x000000008af00000, 0x000000008b000000|  0%| F|  |TAMS 0x000000008af00000, 0x000000008af00000| Untracked 
|  84|0x000000008b000000, 0x000000008b000000, 0x000000008b100000|  0%| F|  |TAMS 0x000000008b000000, 0x000000008b000000| Untracked 
|  85|0x000000008b100000, 0x000000008b100000, 0x000000008b200000|  0%| F|  |TAMS 0x000000008b100000, 0x000000008b100000| Untracked 
|  86|0x000000008b200000, 0x000000008b200000, 0x000000008b300000|  0%| F|  |TAMS 0x000000008b200000, 0x000000008b200000| Untracked 
|  87|0x000000008b300000, 0x000000008b300000, 0x000000008b400000|  0%| F|  |TAMS 0x000000008b300000, 0x000000008b300000| Untracked 
|  88|0x000000008b400000, 0x000000008b400000, 0x000000008b500000|  0%| F|  |TAMS 0x000000008b400000, 0x000000008b400000| Untracked 
|  89|0x000000008b500000, 0x000000008b500000, 0x000000008b600000|  0%| F|  |TAMS 0x000000008b500000, 0x000000008b500000| Untracked 
|  90|0x000000008b600000, 0x000000008b600000, 0x000000008b700000|  0%| F|  |TAMS 0x000000008b600000, 0x000000008b600000| Untracked 
|  91|0x000000008b700000, 0x000000008b700000, 0x000000008b800000|  0%| F|  |TAMS 0x000000008b700000, 0x000000008b700000| Untracked 
|  92|0x000000008b800000, 0x000000008b800000, 0x000000008b900000|  0%| F|  |TAMS 0x000000008b800000, 0x000000008b800000| Untracked 
|  93|0x000000008b900000, 0x000000008b900000, 0x000000008ba00000|  0%| F|  |TAMS 0x000000008b900000, 0x000000008b900000| Untracked 
|  94|0x000000008ba00000, 0x000000008ba00000, 0x000000008bb00000|  0%| F|  |TAMS 0x000000008ba00000, 0x000000008ba00000| Untracked 
|  95|0x000000008bb00000, 0x000000008bb00000, 0x000000008bc00000|  0%| F|  |TAMS 0x000000008bb00000, 0x000000008bb00000| Untracked 
|  96|0x000000008bc00000, 0x000000008bc00000, 0x000000008bd00000|  0%| F|  |TAMS 0x000000008bc00000, 0x000000008bc00000| Untracked 
|  97|0x000000008bd00000, 0x000000008bd00000, 0x000000008be00000|  0%| F|  |TAMS 0x000000008bd00000, 0x000000008bd00000| Untracked 
|  98|0x000000008be00000, 0x000000008be00000, 0x000000008bf00000|  0%| F|  |TAMS 0x000000008be00000, 0x000000008be00000| Untracked 
|  99|0x000000008bf00000, 0x000000008bf00000, 0x000000008c000000|  0%| F|  |TAMS 0x000000008bf00000, 0x000000008bf00000| Untracked 
| 100|0x000000008c000000, 0x000000008c000000, 0x000000008c100000|  0%| F|  |TAMS 0x000000008c000000, 0x000000008c000000| Untracked 
| 101|0x000000008c100000, 0x000000008c100000, 0x000000008c200000|  0%| F|  |TAMS 0x000000008c100000, 0x000000008c100000| Untracked 
| 102|0x000000008c200000, 0x000000008c200000, 0x000000008c300000|  0%| F|  |TAMS 0x000000008c200000, 0x000000008c200000| Untracked 
| 103|0x000000008c300000, 0x000000008c300000, 0x000000008c400000|  0%| F|  |TAMS 0x000000008c300000, 0x000000008c300000| Untracked 
| 104|0x000000008c400000, 0x000000008c400000, 0x000000008c500000|  0%| F|  |TAMS 0x000000008c400000, 0x000000008c400000| Untracked 
| 105|0x000000008c500000, 0x000000008c500000, 0x000000008c600000|  0%| F|  |TAMS 0x000000008c500000, 0x000000008c500000| Untracked 
| 106|0x000000008c600000, 0x000000008c600000, 0x000000008c700000|  0%| F|  |TAMS 0x000000008c600000, 0x000000008c600000| Untracked 
| 107|0x000000008c700000, 0x000000008c700000, 0x000000008c800000|  0%| F|  |TAMS 0x000000008c700000, 0x000000008c700000| Untracked 
| 108|0x000000008c800000, 0x000000008c800000, 0x000000008c900000|  0%| F|  |TAMS 0x000000008c800000, 0x000000008c800000| Untracked 
| 109|0x000000008c900000, 0x000000008c900000, 0x000000008ca00000|  0%| F|  |TAMS 0x000000008c900000, 0x000000008c900000| Untracked 
| 110|0x000000008ca00000, 0x000000008ca00000, 0x000000008cb00000|  0%| F|  |TAMS 0x000000008ca00000, 0x000000008ca00000| Untracked 
| 111|0x000000008cb00000, 0x000000008cb00000, 0x000000008cc00000|  0%| F|  |TAMS 0x000000008cb00000, 0x000000008cb00000| Untracked 
| 112|0x000000008cc00000, 0x000000008cc00000, 0x000000008cd00000|  0%| F|  |TAMS 0x000000008cc00000, 0x000000008cc00000| Untracked 
| 113|0x000000008cd00000, 0x000000008cd00000, 0x000000008ce00000|  0%| F|  |TAMS 0x000000008cd00000, 0x000000008cd00000| Untracked 
| 114|0x000000008ce00000, 0x000000008ced7aa0, 0x000000008cf00000| 84%| E|  |TAMS 0x000000008ce00000, 0x000000008ce00000| Complete 
| 115|0x000000008cf00000, 0x000000008d000000, 0x000000008d000000|100%| E|CS|TAMS 0x000000008cf00000, 0x000000008cf00000| Complete 
| 116|0x000000008d000000, 0x000000008d100000, 0x000000008d100000|100%| E|CS|TAMS 0x000000008d000000, 0x000000008d000000| Complete 
| 117|0x000000008d100000, 0x000000008d200000, 0x000000008d200000|100%| E|CS|TAMS 0x000000008d100000, 0x000000008d100000| Complete 
| 118|0x000000008d200000, 0x000000008d300000, 0x000000008d300000|100%| E|CS|TAMS 0x000000008d200000, 0x000000008d200000| Complete 
| 119|0x000000008d300000, 0x000000008d400000, 0x000000008d400000|100%| E|CS|TAMS 0x000000008d300000, 0x000000008d300000| Complete 
| 120|0x000000008d400000, 0x000000008d500000, 0x000000008d500000|100%| E|CS|TAMS 0x000000008d400000, 0x000000008d400000| Complete 
| 121|0x000000008d500000, 0x000000008d600000, 0x000000008d600000|100%| E|CS|TAMS 0x000000008d500000, 0x000000008d500000| Complete 
| 122|0x000000008d600000, 0x000000008d700000, 0x000000008d700000|100%| E|CS|TAMS 0x000000008d600000, 0x000000008d600000| Complete 
| 123|0x000000008d700000, 0x000000008d800000, 0x000000008d800000|100%| E|CS|TAMS 0x000000008d700000, 0x000000008d700000| Complete 
|1954|0x00000000ffe00000, 0x00000000ffe47000, 0x00000000fff00000| 27%|OA|  |TAMS 0x00000000ffe00000, 0x00000000ffe00000| Untracked 
|1955|0x00000000fff00000, 0x00000000fff6a000, 0x0000000100000000| 41%|CA|  |TAMS 0x00000000fff00000, 0x00000000fff00000| Untracked 

Card table byte_map: [0x00007f729eb15000,0x00007f729eee7000] _byte_map_base: 0x00007f729e6e7000

Marking Bits (Prev, Next): (CMBitMap*) 0x00007f72980580b8, (CMBitMap*) 0x00007f72980580f0
 Prev Bits: [0x00007f729c8b3000, 0x00007f729e743000)
 Next Bits: [0x00007f727a170000, 0x00007f727c000000)

Polling page: 0x00007f72a125f000

Metaspace:

Usage:
  Non-class:      4,69 MB capacity,     2,77 MB ( 59%) used,     1,92 MB ( 41%) free+waste,     4,19 KB ( <1%) overhead. 
      Class:    483,00 KB capacity,   283,83 KB ( 59%) used,   197,05 KB ( 41%) free+waste,     2,12 KB ( <1%) overhead. 
       Both:      5,16 MB capacity,     3,05 MB ( 59%) used,     2,11 MB ( 41%) free+waste,     6,31 KB ( <1%) overhead. 

Virtual space:
  Non-class space:        8,00 MB reserved,       4,75 MB ( 59%) committed 
      Class space:        1,00 GB reserved,     512,00 KB ( <1%) committed 
             Both:        1,01 GB reserved,       5,25 MB ( <1%) committed 

Chunk freelists:
   Non-Class:  8,00 KB
       Class:  29,00 KB
        Both:  37,00 KB

MaxMetaspaceSize: unlimited
CompressedClassSpaceSize: 1,00 GB

CodeHeap 'non-profiled nmethods': size=120032Kb used=230Kb max_used=230Kb free=119801Kb
 bounds [0x00007f72883d5000, 0x00007f7288645000, 0x00007f728f90d000]
CodeHeap 'profiled nmethods': size=120032Kb used=1055Kb max_used=1055Kb free=118976Kb
 bounds [0x00007f7280e9d000, 0x00007f728110d000, 0x00007f72883d5000]
CodeHeap 'non-nmethods': size=5696Kb used=1131Kb max_used=1149Kb free=4564Kb
 bounds [0x00007f728090d000, 0x00007f7280b7d000, 0x00007f7280e9d000]
 total_blobs=1147 nmethods=601 adapters=280
 compilation: enabled
              stopped_count=0, restarted_count=0
 full_count=0

Compilation events (20 events):
Event: 0,682 Thread 0x00007f7298181800  594       4       java.util.Arrays::copyOf (40 bytes)
Event: 0,687 Thread 0x00007f7298181800 nmethod 594 0x00007f7288409d90 code [0x00007f7288409f60, 0x00007f728840a4c8]
Event: 0,687 Thread 0x00007f7298181800  595       4       java.util.ArrayList::newCapacity (65 bytes)
Event: 0,688 Thread 0x00007f7298181800 nmethod 595 0x00007f728840a790 code [0x00007f728840a920, 0x00007f728840aa58]
Event: 0,688 Thread 0x00007f7298181800  563       4       java.util.Collections$UnmodifiableCollection$1::hasNext (10 bytes)
Event: 0,689 Thread 0x00007f7298181800 nmethod 563 0x00007f728840ab90 code [0x00007f728840ad20, 0x00007f728840ae58]
Event: 75,283 Thread 0x00007f7298181800  598       4       org.eclipse.jdt.launching.internal.org.objectweb.asm.ByteVector::putByte (39 bytes)
Event: 75,283 Thread 0x00007f7298183800  599       3       org.eclipse.jdt.launching.internal.org.objectweb.asm.MethodWriter::visitTypeInsn (116 bytes)
Event: 75,284 Thread 0x00007f7298183800 nmethod 599 0x00007f7280f9e490 code [0x00007f7280f9e680, 0x00007f7280f9eb68]
Event: 75,285 Thread 0x00007f7298181800 nmethod 598 0x00007f728840af90 code [0x00007f728840b140, 0x00007f728840b2c8]
Event: 470,328 Thread 0x00007f7298181800  600       4       org.eclipse.jdt.launching.internal.org.objectweb.asm.ByteVector::putUTF8 (144 bytes)
Event: 470,373 Thread 0x00007f7298181800 nmethod 600 0x00007f728840b410 code [0x00007f728840b5e0, 0x00007f728840c0c8]
Event: 470,374 Thread 0x00007f7298181800  601       4       org.eclipse.jdt.launching.internal.org.objectweb.asm.SymbolTable::addConstantUtf8 (98 bytes)
Event: 470,453 Thread 0x00007f7298181800 nmethod 601 0x00007f728840c510 code [0x00007f728840c720, 0x00007f728840e038]
Event: 660,928 Thread 0x00007f7298183800  602       3       org.eclipse.jdt.launching.internal.org.objectweb.asm.Label::put (83 bytes)
Event: 660,929 Thread 0x00007f7298183800 nmethod 602 0x00007f7280f9ed90 code [0x00007f7280f9efc0, 0x00007f7280f9f438]
Event: 1470,827 Thread 0x00007f7298183800  603       3       org.eclipse.jdt.launching.internal.org.objectweb.asm.MethodWriter::visitJumpInsn (495 bytes)
Event: 1470,833 Thread 0x00007f7298183800 nmethod 603 0x00007f7280f9f610 code [0x00007f7280f9f9a0, 0x00007f7280fa0e68]
Event: 1470,833 Thread 0x00007f7298183800  604       3       org.eclipse.jdt.launching.internal.org.objectweb.asm.MethodWriter::visitFrame (787 bytes)
Event: 1470,836 Thread 0x00007f7298183800 nmethod 604 0x00007f7280fa1690 code [0x00007f7280fa1ba0, 0x00007f7280fa3f28]

GC Heap History (0 events):
No events

Deoptimization events (20 events):
Event: 0,413 Thread 0x00007f7298017800 DEOPT PACKING pc=0x00007f7280f0129f sp=0x00007f729fb51590
Event: 0,413 Thread 0x00007f7298017800 DEOPT UNPACKING pc=0x00007f728094603a sp=0x00007f729fb50a78 mode 0
Event: 0,415 Thread 0x00007f7298017800 DEOPT PACKING pc=0x00007f7280f0129f sp=0x00007f729fb52720
Event: 0,415 Thread 0x00007f7298017800 DEOPT UNPACKING pc=0x00007f728094603a sp=0x00007f729fb51c08 mode 0
Event: 0,416 Thread 0x00007f7298017800 DEOPT PACKING pc=0x00007f7280f0129f sp=0x00007f729fb52720
Event: 0,416 Thread 0x00007f7298017800 DEOPT UNPACKING pc=0x00007f728094603a sp=0x00007f729fb51c08 mode 0
Event: 0,421 Thread 0x00007f7298017800 DEOPT PACKING pc=0x00007f7280f0129f sp=0x00007f729fb526a0
Event: 0,421 Thread 0x00007f7298017800 DEOPT UNPACKING pc=0x00007f728094603a sp=0x00007f729fb51b88 mode 0
Event: 0,422 Thread 0x00007f7298017800 DEOPT PACKING pc=0x00007f7280f0129f sp=0x00007f729fb526a0
Event: 0,422 Thread 0x00007f7298017800 DEOPT UNPACKING pc=0x00007f728094603a sp=0x00007f729fb51b88 mode 0
Event: 0,423 Thread 0x00007f7298017800 DEOPT PACKING pc=0x00007f7280f0129f sp=0x00007f729fb52770
Event: 0,423 Thread 0x00007f7298017800 DEOPT UNPACKING pc=0x00007f728094603a sp=0x00007f729fb51c58 mode 0
Event: 0,521 Thread 0x00007f7298017800 Uncommon trap: trap_request=0xffffff4d fr.pc=0x00007f72883f7708 relative=0x00000000000006a8
Event: 0,521 Thread 0x00007f7298017800 Uncommon trap: reason=unstable_if action=reinterpret pc=0x00007f72883f7708 method=org.eclipse.jdt.launching.internal.org.objectweb.asm.ClassReader.readUtf(II[C)Ljava/lang/String; @ 41 c2
Event: 0,521 Thread 0x00007f7298017800 DEOPT PACKING pc=0x00007f72883f7708 sp=0x00007f729fb53190
Event: 0,521 Thread 0x00007f7298017800 DEOPT UNPACKING pc=0x00007f7280946225 sp=0x00007f729fb53178 mode 2
Event: 0,521 Thread 0x00007f7298017800 Uncommon trap: trap_request=0xffffff45 fr.pc=0x00007f72883f4d40 relative=0x00000000000003e0
Event: 0,521 Thread 0x00007f7298017800 Uncommon trap: reason=unstable_fused_if action=reinterpret pc=0x00007f72883f4d40 method=org.eclipse.jdt.launching.internal.org.objectweb.asm.ByteVector.putUTF8(Ljava/lang/String;)Lorg/eclipse/jdt/launching/internal/org/objectweb/asm/ByteVector; @ 93 c2
Event: 0,521 Thread 0x00007f7298017800 DEOPT PACKING pc=0x00007f72883f4d40 sp=0x00007f729fb53090
Event: 0,521 Thread 0x00007f7298017800 DEOPT UNPACKING pc=0x00007f7280946225 sp=0x00007f729fb53040 mode 2

Classes redefined (5 events):
Event: 75,291 Thread 0x00007f7298174800 redefined class name=org.insa.graphs.algorithm.packageswitch.SwitchAlgorithm, count=1
Event: 470,332 Thread 0x00007f7298174800 redefined class name=org.insa.graphs.algorithm.packageswitch.SwitchAlgorithm, count=2
Event: 660,933 Thread 0x00007f7298174800 redefined class name=org.insa.graphs.algorithm.packageswitch.SwitchAlgorithm, count=3
Event: 868,631 Thread 0x00007f7298174800 redefined class name=org.insa.graphs.algorithm.packageswitch.SwitchAlgorithm, count=4
Event: 1470,831 Thread 0x00007f7298174800 redefined class name=org.insa.graphs.algorithm.packageswitch.SwitchAlgorithm, count=5

Internal exceptions (1 events):
Event: 0,462 Thread 0x00007f7298017800 Exception <a 'java/lang/NoSuchMethodError'{0x000000008d3bc730}: 'void java.lang.invoke.DirectMethodHandle$Holder.invokeStatic(java.lang.Object, int, java.lang.Object)'> (0x000000008d3bc730) thrown at [src/hotspot/share/interpreter/linkResolver.cpp, line 772]

Events (20 events):
Event: 6363,063 Executing VM operation: GetCurrentContendedMonitor done
Event: 6363,064 Executing VM operation: GetOwnedMonitorInfo
Event: 6363,064 Executing VM operation: GetOwnedMonitorInfo done
Event: 6363,421 Executing VM operation: GetCurrentContendedMonitor
Event: 6363,421 Executing VM operation: GetCurrentContendedMonitor done
Event: 6363,421 Executing VM operation: GetOwnedMonitorInfo
Event: 6363,421 Executing VM operation: GetOwnedMonitorInfo done
Event: 6364,218 Executing VM operation: GetFrameCount
Event: 6364,218 Executing VM operation: GetFrameCount done
Event: 6364,219 Executing VM operation: GetOwnedMonitorInfo
Event: 6364,219 Executing VM operation: GetOwnedMonitorInfo done
Event: 6364,219 Executing VM operation: GetCurrentContendedMonitor
Event: 6364,219 Executing VM operation: GetCurrentContendedMonitor done
Event: 6364,411 Executing VM operation: GetFrameCount
Event: 6364,411 Executing VM operation: GetFrameCount done
Event: 6364,411 Executing VM operation: GetOwnedMonitorInfo
Event: 6364,411 Executing VM operation: GetOwnedMonitorInfo done
Event: 6364,411 Executing VM operation: GetCurrentContendedMonitor
Event: 6364,411 Executing VM operation: GetCurrentContendedMonitor done
Event: 6367,582 Executing VM operation: GetOrSetLocal


Dynamic libraries:
85c00000-8d800000 rw-p 00000000 00:00 0 
8d800000-ffe00000 ---p 00000000 00:00 0 
ffe00000-ffe47000 rw-p 0110b000 08:02 1182817                            /usr/lib/jvm/java-11-openjdk-amd64/lib/server/classes.jsa
ffe47000-fff00000 rw-p 00000000 00:00 0 
fff00000-fff6a000 rw-p 010a1000 08:02 1182817                            /usr/lib/jvm/java-11-openjdk-amd64/lib/server/classes.jsa
fff6a000-100000000 rw-p 00000000 00:00 0 
800000000-800002000 rwxp 00001000 08:02 1182817                          /usr/lib/jvm/java-11-openjdk-amd64/lib/server/classes.jsa
800002000-8010a0000 rw-p 00003000 08:02 1182817                          /usr/lib/jvm/java-11-openjdk-amd64/lib/server/classes.jsa
840000000-840080000 rw-p 00000000 00:00 0 
840080000-880000000 ---p 00000000 00:00 0 
5623b10e8000-5623b10e9000 r--p 00000000 08:02 5778101                    /usr/lib/jvm/java-11-openjdk-amd64/bin/java
5623b10e9000-5623b10ea000 r-xp 00001000 08:02 5778101                    /usr/lib/jvm/java-11-openjdk-amd64/bin/java
5623b10ea000-5623b10eb000 r--p 00002000 08:02 5778101                    /usr/lib/jvm/java-11-openjdk-amd64/bin/java
5623b10eb000-5623b10ec000 r--p 00002000 08:02 5778101                    /usr/lib/jvm/java-11-openjdk-amd64/bin/java
5623b10ec000-5623b10ed000 rw-p 00003000 08:02 5778101                    /usr/lib/jvm/java-11-openjdk-amd64/bin/java
5623b2863000-5623b2884000 rw-p 00000000 00:00 0                          [heap]
7f722c000000-7f722c021000 rw-p 00000000 00:00 0 
7f722c021000-7f7230000000 ---p 00000000 00:00 0 
7f7234000000-7f7234021000 rw-p 00000000 00:00 0 
7f7234021000-7f7238000000 ---p 00000000 00:00 0 
7f7238000000-7f7238021000 rw-p 00000000 00:00 0 
7f7238021000-7f723c000000 ---p 00000000 00:00 0 
7f723c000000-7f723c02f000 rw-p 00000000 00:00 0 
7f723c02f000-7f7240000000 ---p 00000000 00:00 0 
7f7240000000-7f7240026000 rw-p 00000000 00:00 0 
7f7240026000-7f7244000000 ---p 00000000 00:00 0 
7f7244000000-7f7244021000 rw-p 00000000 00:00 0 
7f7244021000-7f7248000000 ---p 00000000 00:00 0 
7f7248000000-7f7248021000 rw-p 00000000 00:00 0 
7f7248021000-7f724c000000 ---p 00000000 00:00 0 
7f724c000000-7f724c5c4000 rw-p 00000000 00:00 0 
7f724c5c4000-7f7250000000 ---p 00000000 00:00 0 
7f7250000000-7f725053d000 rw-p 00000000 00:00 0 
7f725053d000-7f7254000000 ---p 00000000 00:00 0 
7f7254000000-7f7254021000 rw-p 00000000 00:00 0 
7f7254021000-7f7258000000 ---p 00000000 00:00 0 
7f7258000000-7f7258021000 rw-p 00000000 00:00 0 
7f7258021000-7f725c000000 ---p 00000000 00:00 0 
7f725c000000-7f725c021000 rw-p 00000000 00:00 0 
7f725c021000-7f7260000000 ---p 00000000 00:00 0 
7f7262615000-7f7262616000 ---p 00000000 00:00 0 
7f7262616000-7f7262717000 rw-p 00000000 00:00 0 
7f7262717000-7f726271b000 ---p 00000000 00:00 0 
7f726271b000-7f7262818000 rw-p 00000000 00:00 0 
7f7262818000-7f726281c000 ---p 00000000 00:00 0 
7f726281c000-7f7262919000 rw-p 00000000 00:00 0 
7f7262919000-7f726291d000 ---p 00000000 00:00 0 
7f726291d000-7f7262a1a000 rw-p 00000000 00:00 0 
7f7262a1a000-7f7262a1e000 ---p 00000000 00:00 0 
7f7262a1e000-7f7262b1b000 rw-p 00000000 00:00 0 
7f7262b1b000-7f7262b1f000 ---p 00000000 00:00 0 
7f7262b1f000-7f7262c1c000 rw-p 00000000 00:00 0 
7f7262c1c000-7f7262c20000 ---p 00000000 00:00 0 
7f7262c20000-7f7262d1d000 rw-p 00000000 00:00 0 
7f7262d1d000-7f7262d21000 ---p 00000000 00:00 0 
7f7262d21000-7f7262e1e000 rw-p 00000000 00:00 0 
7f7262e1e000-7f7262e22000 ---p 00000000 00:00 0 
7f7262e22000-7f7262f1f000 rw-p 00000000 00:00 0 
7f7262f1f000-7f7262f23000 ---p 00000000 00:00 0 
7f7262f23000-7f7263020000 rw-p 00000000 00:00 0 
7f7263020000-7f7263dfe000 r--p 00000000 08:02 5249409                    /usr/lib/locale/locale-archive
7f7263dfe000-7f7263e02000 ---p 00000000 00:00 0 
7f7263e02000-7f7263eff000 rw-p 00000000 00:00 0 
7f7263eff000-7f7263f03000 ---p 00000000 00:00 0 
7f7263f03000-7f7264000000 rw-p 00000000 00:00 0 
7f7264000000-7f7264021000 rw-p 00000000 00:00 0 
7f7264021000-7f7268000000 ---p 00000000 00:00 0 
7f7268000000-7f7268021000 rw-p 00000000 00:00 0 
7f7268021000-7f726c000000 ---p 00000000 00:00 0 
7f726c000000-7f726c021000 rw-p 00000000 00:00 0 
7f726c021000-7f7270000000 ---p 00000000 00:00 0 
7f7270000000-7f7270021000 rw-p 00000000 00:00 0 
7f7270021000-7f7274000000 ---p 00000000 00:00 0 
7f7274000000-7f7274021000 rw-p 00000000 00:00 0 
7f7274021000-7f7278000000 ---p 00000000 00:00 0 
7f727806e000-7f727806f000 ---p 00000000 00:00 0 
7f727806f000-7f727a360000 rw-p 00000000 00:00 0 
7f727a360000-7f727bff8000 ---p 00000000 00:00 0 
7f727bff8000-7f727c000000 rw-p 00000000 00:00 0 
7f727c000000-7f727c021000 rw-p 00000000 00:00 0 
7f727c021000-7f7280000000 ---p 00000000 00:00 0 
7f7280057000-7f728005b000 r--p 00000000 08:02 5906378                    /usr/lib/jvm/java-11-openjdk-amd64/lib/libnet.so
7f728005b000-7f728006a000 r-xp 00004000 08:02 5906378                    /usr/lib/jvm/java-11-openjdk-amd64/lib/libnet.so
7f728006a000-7f728006e000 r--p 00013000 08:02 5906378                    /usr/lib/jvm/java-11-openjdk-amd64/lib/libnet.so
7f728006e000-7f728006f000 r--p 00016000 08:02 5906378                    /usr/lib/jvm/java-11-openjdk-amd64/lib/libnet.so
7f728006f000-7f7280070000 rw-p 00017000 08:02 5906378                    /usr/lib/jvm/java-11-openjdk-amd64/lib/libnet.so
7f7280070000-7f7280077000 r--p 00000000 08:02 5906379                    /usr/lib/jvm/java-11-openjdk-amd64/lib/libnio.so
7f7280077000-7f728007f000 r-xp 00007000 08:02 5906379                    /usr/lib/jvm/java-11-openjdk-amd64/lib/libnio.so
7f728007f000-7f7280082000 r--p 0000f000 08:02 5906379                    /usr/lib/jvm/java-11-openjdk-amd64/lib/libnio.so
7f7280082000-7f7280083000 r--p 00011000 08:02 5906379                    /usr/lib/jvm/java-11-openjdk-amd64/lib/libnio.so
7f7280083000-7f7280084000 rw-p 00012000 08:02 5906379                    /usr/lib/jvm/java-11-openjdk-amd64/lib/libnio.so
7f7280084000-7f7280086000 r--p 00000000 08:02 5906358                    /usr/lib/jvm/java-11-openjdk-amd64/lib/libdt_socket.so
7f7280086000-7f7280089000 r-xp 00002000 08:02 5906358                    /usr/lib/jvm/java-11-openjdk-amd64/lib/libdt_socket.so
7f7280089000-7f728008a000 r--p 00005000 08:02 5906358                    /usr/lib/jvm/java-11-openjdk-amd64/lib/libdt_socket.so
7f728008a000-7f728008b000 r--p 00005000 08:02 5906358                    /usr/lib/jvm/java-11-openjdk-amd64/lib/libdt_socket.so
7f728008b000-7f728008c000 rw-p 00006000 08:02 5906358                    /usr/lib/jvm/java-11-openjdk-amd64/lib/libdt_socket.so
7f728008c000-7f72805cd000 rw-p 00000000 00:00 0 
7f72805cd000-7f728090d000 ---p 00000000 00:00 0 
7f728090d000-7f7280b7d000 rwxp 00000000 00:00 0 
7f7280b7d000-7f7280e9d000 ---p 00000000 00:00 0 
7f7280e9d000-7f728110d000 rwxp 00000000 00:00 0 
7f728110d000-7f72883d5000 ---p 00000000 00:00 0 
7f72883d5000-7f7288645000 rwxp 00000000 00:00 0 
7f7288645000-7f728f90d000 ---p 00000000 00:00 0 
7f728f90d000-7f7298000000 r--s 00000000 08:02 5906388                    /usr/lib/jvm/java-11-openjdk-amd64/lib/modules
7f7298000000-7f7298324000 rw-p 00000000 00:00 0 
7f7298324000-7f729c000000 ---p 00000000 00:00 0 
7f729c004000-7f729c00b000 r--s 00000000 08:02 5771897                    /usr/lib/x86_64-linux-gnu/gconv/gconv-modules.cache
7f729c00b000-7f729c066000 rw-p 00000000 00:00 0 
7f729c066000-7f729c067000 ---p 00000000 00:00 0 
7f729c067000-7f729c168000 rw-p 00000000 00:00 0 
7f729c168000-7f729c169000 ---p 00000000 00:00 0 
7f729c169000-7f729c66e000 rw-p 00000000 00:00 0 
7f729c66e000-7f729c66f000 ---p 00000000 00:00 0 
7f729c66f000-7f729c770000 rw-p 00000000 00:00 0 
7f729c770000-7f729c771000 ---p 00000000 00:00 0 
7f729c771000-7f729caa3000 rw-p 00000000 00:00 0 
7f729caa3000-7f729e73b000 ---p 00000000 00:00 0 
7f729e73b000-7f729e781000 rw-p 00000000 00:00 0 
7f729e781000-7f729eb14000 ---p 00000000 00:00 0 
7f729eb14000-7f729eb53000 rw-p 00000000 00:00 0 
7f729eb53000-7f729eee6000 ---p 00000000 00:00 0 
7f729eee6000-7f729ef25000 rw-p 00000000 00:00 0 
7f729ef25000-7f729f2b8000 ---p 00000000 00:00 0 
7f729f2b8000-7f729f6bd000 rw-p 00000000 00:00 0 
7f729f6bd000-7f729f6be000 ---p 00000000 00:00 0 
7f729f6be000-7f729f7c4000 rw-p 00000000 00:00 0 
7f729f7c4000-7f729f8aa000 ---p 00000000 00:00 0 
7f729f8aa000-7f729f8af000 rw-p 00000000 00:00 0 
7f729f8af000-7f729f995000 ---p 00000000 00:00 0 
7f729f995000-7f729f99a000 rw-p 00000000 00:00 0 
7f729f99a000-7f729f9a1000 ---p 00000000 00:00 0 
7f729f9a1000-7f729f9a3000 r--p 00000000 08:02 5906370                    /usr/lib/jvm/java-11-openjdk-amd64/lib/libjimage.so
7f729f9a3000-7f729f9a6000 r-xp 00002000 08:02 5906370                    /usr/lib/jvm/java-11-openjdk-amd64/lib/libjimage.so
7f729f9a6000-7f729f9a7000 r--p 00005000 08:02 5906370                    /usr/lib/jvm/java-11-openjdk-amd64/lib/libjimage.so
7f729f9a7000-7f729f9a8000 ---p 00006000 08:02 5906370                    /usr/lib/jvm/java-11-openjdk-amd64/lib/libjimage.so
7f729f9a8000-7f729f9a9000 r--p 00006000 08:02 5906370                    /usr/lib/jvm/java-11-openjdk-amd64/lib/libjimage.so
7f729f9a9000-7f729f9aa000 rw-p 00007000 08:02 5906370                    /usr/lib/jvm/java-11-openjdk-amd64/lib/libjimage.so
7f729f9aa000-7f729f9ad000 r--p 00000000 08:02 5250840                    /usr/lib/x86_64-linux-gnu/libnss_files-2.31.so
7f729f9ad000-7f729f9b4000 r-xp 00003000 08:02 5250840                    /usr/lib/x86_64-linux-gnu/libnss_files-2.31.so
7f729f9b4000-7f729f9b6000 r--p 0000a000 08:02 5250840                    /usr/lib/x86_64-linux-gnu/libnss_files-2.31.so
7f729f9b6000-7f729f9b7000 r--p 0000b000 08:02 5250840                    /usr/lib/x86_64-linux-gnu/libnss_files-2.31.so
7f729f9b7000-7f729f9b8000 rw-p 0000c000 08:02 5250840                    /usr/lib/x86_64-linux-gnu/libnss_files-2.31.so
7f729f9b8000-7f729f9be000 rw-p 00000000 00:00 0 
7f729f9be000-7f729f9c0000 r--s 0000c000 08:02 5906413                    /usr/share/java/java-atk-wrapper.jar
7f729f9c0000-7f729f9c2000 r--p 00000000 08:02 5906387                    /usr/lib/jvm/java-11-openjdk-amd64/lib/libzip.so
7f729f9c2000-7f729f9c6000 r-xp 00002000 08:02 5906387                    /usr/lib/jvm/java-11-openjdk-amd64/lib/libzip.so
7f729f9c6000-7f729f9c8000 r--p 00006000 08:02 5906387                    /usr/lib/jvm/java-11-openjdk-amd64/lib/libzip.so
7f729f9c8000-7f729f9c9000 r--p 00007000 08:02 5906387                    /usr/lib/jvm/java-11-openjdk-amd64/lib/libzip.so
7f729f9c9000-7f729f9ca000 rw-p 00008000 08:02 5906387                    /usr/lib/jvm/java-11-openjdk-amd64/lib/libzip.so
7f729f9ca000-7f729f9d2000 rw-s 00000000 08:02 2622898                    /tmp/hsperfdata_amadou/39405
7f729f9d2000-7f729f9d4000 r--p 00000000 08:02 5906361                    /usr/lib/jvm/java-11-openjdk-amd64/lib/libinstrument.so
7f729f9d4000-7f729f9da000 r-xp 00002000 08:02 5906361                    /usr/lib/jvm/java-11-openjdk-amd64/lib/libinstrument.so
7f729f9da000-7f729f9dd000 r--p 00008000 08:02 5906361                    /usr/lib/jvm/java-11-openjdk-amd64/lib/libinstrument.so
7f729f9dd000-7f729f9de000 r--p 0000a000 08:02 5906361                    /usr/lib/jvm/java-11-openjdk-amd64/lib/libinstrument.so
7f729f9de000-7f729f9df000 rw-p 0000b000 08:02 5906361                    /usr/lib/jvm/java-11-openjdk-amd64/lib/libinstrument.so
7f729f9df000-7f729f9e1000 r--p 00000000 08:02 5906369                    /usr/lib/jvm/java-11-openjdk-amd64/lib/libjdwp.so
7f729f9e1000-7f729fa0d000 r-xp 00002000 08:02 5906369                    /usr/lib/jvm/java-11-openjdk-amd64/lib/libjdwp.so
7f729fa0d000-7f729fa1b000 r--p 0002e000 08:02 5906369                    /usr/lib/jvm/java-11-openjdk-amd64/lib/libjdwp.so
7f729fa1b000-7f729fa1c000 r--p 0003b000 08:02 5906369                    /usr/lib/jvm/java-11-openjdk-amd64/lib/libjdwp.so
7f729fa1c000-7f729fa1d000 rw-p 0003c000 08:02 5906369                    /usr/lib/jvm/java-11-openjdk-amd64/lib/libjdwp.so
7f729fa1d000-7f729fa2b000 r--p 00000000 08:02 5906366                    /usr/lib/jvm/java-11-openjdk-amd64/lib/libjava.so
7f729fa2b000-7f729fa41000 r-xp 0000e000 08:02 5906366                    /usr/lib/jvm/java-11-openjdk-amd64/lib/libjava.so
7f729fa41000-7f729fa48000 r--p 00024000 08:02 5906366                    /usr/lib/jvm/java-11-openjdk-amd64/lib/libjava.so
7f729fa48000-7f729fa49000 r--p 0002a000 08:02 5906366                    /usr/lib/jvm/java-11-openjdk-amd64/lib/libjava.so
7f729fa49000-7f729fa4b000 rw-p 0002b000 08:02 5906366                    /usr/lib/jvm/java-11-openjdk-amd64/lib/libjava.so
7f729fa4b000-7f729fa4e000 r--p 00000000 08:02 5251042                    /usr/lib/x86_64-linux-gnu/librt-2.31.so
7f729fa4e000-7f729fa52000 r-xp 00003000 08:02 5251042                    /usr/lib/x86_64-linux-gnu/librt-2.31.so
7f729fa52000-7f729fa53000 r--p 00007000 08:02 5251042                    /usr/lib/x86_64-linux-gnu/librt-2.31.so
7f729fa53000-7f729fa54000 ---p 00008000 08:02 5251042                    /usr/lib/x86_64-linux-gnu/librt-2.31.so
7f729fa54000-7f729fa55000 r--p 00008000 08:02 5251042                    /usr/lib/x86_64-linux-gnu/librt-2.31.so
7f729fa55000-7f729fa56000 rw-p 00009000 08:02 5251042                    /usr/lib/x86_64-linux-gnu/librt-2.31.so
7f729fa56000-7f729fa5a000 ---p 00000000 00:00 0 
7f729fa5a000-7f729fb57000 rw-p 00000000 00:00 0 
7f729fb57000-7f729fb5a000 r--p 00000000 08:02 5250363                    /usr/lib/x86_64-linux-gnu/libgcc_s.so.1
7f729fb5a000-7f729fb6c000 r-xp 00003000 08:02 5250363                    /usr/lib/x86_64-linux-gnu/libgcc_s.so.1
7f729fb6c000-7f729fb70000 r--p 00015000 08:02 5250363                    /usr/lib/x86_64-linux-gnu/libgcc_s.so.1
7f729fb70000-7f729fb71000 r--p 00018000 08:02 5250363                    /usr/lib/x86_64-linux-gnu/libgcc_s.so.1
7f729fb71000-7f729fb72000 rw-p 00019000 08:02 5250363                    /usr/lib/x86_64-linux-gnu/libgcc_s.so.1
7f729fb72000-7f729fb81000 r--p 00000000 08:02 5250716                    /usr/lib/x86_64-linux-gnu/libm-2.31.so
7f729fb81000-7f729fc28000 r-xp 0000f000 08:02 5250716                    /usr/lib/x86_64-linux-gnu/libm-2.31.so
7f729fc28000-7f729fcbf000 r--p 000b6000 08:02 5250716                    /usr/lib/x86_64-linux-gnu/libm-2.31.so
7f729fcbf000-7f729fcc0000 r--p 0014c000 08:02 5250716                    /usr/lib/x86_64-linux-gnu/libm-2.31.so
7f729fcc0000-7f729fcc1000 rw-p 0014d000 08:02 5250716                    /usr/lib/x86_64-linux-gnu/libm-2.31.so
7f729fcc1000-7f729fd57000 r--p 00000000 08:02 5251144                    /usr/lib/x86_64-linux-gnu/libstdc++.so.6.0.28
7f729fd57000-7f729fe47000 r-xp 00096000 08:02 5251144                    /usr/lib/x86_64-linux-gnu/libstdc++.so.6.0.28
7f729fe47000-7f729fe90000 r--p 00186000 08:02 5251144                    /usr/lib/x86_64-linux-gnu/libstdc++.so.6.0.28
7f729fe90000-7f729fe91000 ---p 001cf000 08:02 5251144                    /usr/lib/x86_64-linux-gnu/libstdc++.so.6.0.28
7f729fe91000-7f729fe9c000 r--p 001cf000 08:02 5251144                    /usr/lib/x86_64-linux-gnu/libstdc++.so.6.0.28
7f729fe9c000-7f729fe9f000 rw-p 001da000 08:02 5251144                    /usr/lib/x86_64-linux-gnu/libstdc++.so.6.0.28
7f729fe9f000-7f729fea2000 rw-p 00000000 00:00 0 
7f729fea2000-7f72a010f000 r--p 00000000 08:02 1182815                    /usr/lib/jvm/java-11-openjdk-amd64/lib/server/libjvm.so
7f72a010f000-7f72a0ca2000 r-xp 0026d000 08:02 1182815                    /usr/lib/jvm/java-11-openjdk-amd64/lib/server/libjvm.so
7f72a0ca2000-7f72a0ed8000 r--p 00e00000 08:02 1182815                    /usr/lib/jvm/java-11-openjdk-amd64/lib/server/libjvm.so
7f72a0ed8000-7f72a0ed9000 ---p 01036000 08:02 1182815                    /usr/lib/jvm/java-11-openjdk-amd64/lib/server/libjvm.so
7f72a0ed9000-7f72a0f96000 r--p 01036000 08:02 1182815                    /usr/lib/jvm/java-11-openjdk-amd64/lib/server/libjvm.so
7f72a0f96000-7f72a0fd0000 rw-p 010f3000 08:02 1182815                    /usr/lib/jvm/java-11-openjdk-amd64/lib/server/libjvm.so
7f72a0fd0000-7f72a1028000 rw-p 00000000 00:00 0 
7f72a1028000-7f72a102f000 r--p 00000000 08:02 5250981                    /usr/lib/x86_64-linux-gnu/libpthread-2.31.so
7f72a102f000-7f72a1040000 r-xp 00007000 08:02 5250981                    /usr/lib/x86_64-linux-gnu/libpthread-2.31.so
7f72a1040000-7f72a1045000 r--p 00018000 08:02 5250981                    /usr/lib/x86_64-linux-gnu/libpthread-2.31.so
7f72a1045000-7f72a1046000 r--p 0001c000 08:02 5250981                    /usr/lib/x86_64-linux-gnu/libpthread-2.31.so
7f72a1046000-7f72a1047000 rw-p 0001d000 08:02 5250981                    /usr/lib/x86_64-linux-gnu/libpthread-2.31.so
7f72a1047000-7f72a104b000 rw-p 00000000 00:00 0 
7f72a104b000-7f72a104c000 r--p 00000000 08:02 5250213                    /usr/lib/x86_64-linux-gnu/libdl-2.31.so
7f72a104c000-7f72a104e000 r-xp 00001000 08:02 5250213                    /usr/lib/x86_64-linux-gnu/libdl-2.31.so
7f72a104e000-7f72a104f000 r--p 00003000 08:02 5250213                    /usr/lib/x86_64-linux-gnu/libdl-2.31.so
7f72a104f000-7f72a1050000 r--p 00003000 08:02 5250213                    /usr/lib/x86_64-linux-gnu/libdl-2.31.so
7f72a1050000-7f72a1051000 rw-p 00004000 08:02 5250213                    /usr/lib/x86_64-linux-gnu/libdl-2.31.so
7f72a1051000-7f72a1053000 r--p 00000000 08:02 5251406                    /usr/lib/x86_64-linux-gnu/libz.so.1.2.11
7f72a1053000-7f72a1064000 r-xp 00002000 08:02 5251406                    /usr/lib/x86_64-linux-gnu/libz.so.1.2.11
7f72a1064000-7f72a106a000 r--p 00013000 08:02 5251406                    /usr/lib/x86_64-linux-gnu/libz.so.1.2.11
7f72a106a000-7f72a106b000 ---p 00019000 08:02 5251406                    /usr/lib/x86_64-linux-gnu/libz.so.1.2.11
7f72a106b000-7f72a106c000 r--p 00019000 08:02 5251406                    /usr/lib/x86_64-linux-gnu/libz.so.1.2.11
7f72a106c000-7f72a106d000 rw-p 0001a000 08:02 5251406                    /usr/lib/x86_64-linux-gnu/libz.so.1.2.11
7f72a106d000-7f72a1092000 r--p 00000000 08:02 5250078                    /usr/lib/x86_64-linux-gnu/libc-2.31.so
7f72a1092000-7f72a120a000 r-xp 00025000 08:02 5250078                    /usr/lib/x86_64-linux-gnu/libc-2.31.so
7f72a120a000-7f72a1254000 r--p 0019d000 08:02 5250078                    /usr/lib/x86_64-linux-gnu/libc-2.31.so
7f72a1254000-7f72a1255000 ---p 001e7000 08:02 5250078                    /usr/lib/x86_64-linux-gnu/libc-2.31.so
7f72a1255000-7f72a1258000 r--p 001e7000 08:02 5250078                    /usr/lib/x86_64-linux-gnu/libc-2.31.so
7f72a1258000-7f72a125b000 rw-p 001ea000 08:02 5250078                    /usr/lib/x86_64-linux-gnu/libc-2.31.so
7f72a125b000-7f72a125f000 rw-p 00000000 00:00 0 
7f72a125f000-7f72a1260000 ---p 00000000 00:00 0 
7f72a1260000-7f72a1261000 r--p 00000000 00:00 0 
7f72a1261000-7f72a1266000 r--p 00000000 08:02 5906386                    /usr/lib/jvm/java-11-openjdk-amd64/lib/libverify.so
7f72a1266000-7f72a126d000 r-xp 00005000 08:02 5906386                    /usr/lib/jvm/java-11-openjdk-amd64/lib/libverify.so
7f72a126d000-7f72a126f000 r--p 0000c000 08:02 5906386                    /usr/lib/jvm/java-11-openjdk-amd64/lib/libverify.so
7f72a126f000-7f72a1270000 ---p 0000e000 08:02 5906386                    /usr/lib/jvm/java-11-openjdk-amd64/lib/libverify.so
7f72a1270000-7f72a1272000 r--p 0000e000 08:02 5906386                    /usr/lib/jvm/java-11-openjdk-amd64/lib/libverify.so
7f72a1272000-7f72a1273000 rw-p 00010000 08:02 5906386                    /usr/lib/jvm/java-11-openjdk-amd64/lib/libverify.so
7f72a1273000-7f72a1276000 r--p 00000000 08:02 942549                     /usr/lib/jvm/java-11-openjdk-amd64/lib/jli/libjli.so
7f72a1276000-7f72a1280000 r-xp 00003000 08:02 942549                     /usr/lib/jvm/java-11-openjdk-amd64/lib/jli/libjli.so
7f72a1280000-7f72a1283000 r--p 0000d000 08:02 942549                     /usr/lib/jvm/java-11-openjdk-amd64/lib/jli/libjli.so
7f72a1283000-7f72a1284000 r--p 0000f000 08:02 942549                     /usr/lib/jvm/java-11-openjdk-amd64/lib/jli/libjli.so
7f72a1284000-7f72a1285000 rw-p 00010000 08:02 942549                     /usr/lib/jvm/java-11-openjdk-amd64/lib/jli/libjli.so
7f72a1285000-7f72a1287000 rw-p 00000000 00:00 0 
7f72a1287000-7f72a1288000 r--p 00000000 08:02 5249865                    /usr/lib/x86_64-linux-gnu/ld-2.31.so
7f72a1288000-7f72a12ab000 r-xp 00001000 08:02 5249865                    /usr/lib/x86_64-linux-gnu/ld-2.31.so
7f72a12ab000-7f72a12b3000 r--p 00024000 08:02 5249865                    /usr/lib/x86_64-linux-gnu/ld-2.31.so
7f72a12b4000-7f72a12b5000 r--p 0002c000 08:02 5249865                    /usr/lib/x86_64-linux-gnu/ld-2.31.so
7f72a12b5000-7f72a12b6000 rw-p 0002d000 08:02 5249865                    /usr/lib/x86_64-linux-gnu/ld-2.31.so
7f72a12b6000-7f72a12b7000 rw-p 00000000 00:00 0 
7ffd8cfdc000-7ffd8cffd000 rw-p 00000000 00:00 0                          [stack]
7ffd8d070000-7ffd8d073000 r--p 00000000 00:00 0                          [vvar]
7ffd8d073000-7ffd8d074000 r-xp 00000000 00:00 0                          [vdso]
ffffffffff600000-ffffffffff601000 --xp 00000000 00:00 0                  [vsyscall]


VM Arguments:
jvm_args: -agentlib:jdwp=transport=dt_socket,suspend=y,address=localhost:41411 -javaagent:/home/amadou/.eclipse/360744286_linux_gtk_x86_64/configuration/org.eclipse.osgi/222/0/.cp/lib/javaagent-shaded.jar -Dfile.encoding=UTF-8 
java_command: org.insa.graphs.algorithm.packageswitch.SwitchAlgorithm
java_class_path (initial): /home/amadou/CoursINSA3MIC/BE_graphe/projet/be-graphes/be-graphes-algos/target/classes:/home/amadou/CoursINSA3MIC/BE_graphe/projet/be-graphes/be-graphes-model/target/classes
Launcher Type: SUN_STANDARD

[Global flags]
     intx CICompilerCount                          = 3                                         {product} {ergonomic}
     uint ConcGCThreads                            = 1                                         {product} {ergonomic}
     uint G1ConcRefinementThreads                  = 4                                         {product} {ergonomic}
   size_t G1HeapRegionSize                         = 1048576                                   {product} {ergonomic}
    uintx GCDrainStackTargetSize                   = 64                                        {product} {ergonomic}
   size_t InitialHeapSize                          = 130023424                                 {product} {ergonomic}
   size_t MarkStackSize                            = 4194304                                   {product} {ergonomic}
   size_t MaxHeapSize                              = 2051014656                                {product} {ergonomic}
   size_t MaxNewSize                               = 1229979648                                {product} {ergonomic}
   size_t MinHeapDeltaBytes                        = 1048576                                   {product} {ergonomic}
    uintx NonNMethodCodeHeapSize                   = 5830732                                {pd product} {ergonomic}
    uintx NonProfiledCodeHeapSize                  = 122913754                              {pd product} {ergonomic}
    uintx ProfiledCodeHeapSize                     = 122913754                              {pd product} {ergonomic}
    uintx ReservedCodeCacheSize                    = 251658240                              {pd product} {ergonomic}
     bool SegmentedCodeCache                       = true                                      {product} {ergonomic}
     bool UseCompressedClassPointers               = true                                 {lp64_product} {ergonomic}
     bool UseCompressedOops                        = true                                 {lp64_product} {ergonomic}
     bool UseG1GC                                  = true                                      {product} {ergonomic}

Logging:
Log output configuration:
 #0: stdout all=warning uptime,level,tags
 #1: stderr all=off uptime,level,tags

Environment Variables:
PATH=/home/amadou/.local/bin:/usr/local/sbin:/usr/local/bin:/usr/sbin:/usr/bin:/sbin:/bin:/usr/games:/usr/local/games:/snap/bin
USERNAME=amadou
SHELL=/bin/bash
DISPLAY=:0

Signal Handlers:
SIGSEGV: [libjvm.so+0xd8cfb0], sa_mask[0]=11111111011111111101111111111110, sa_flags=SA_RESTART|SA_SIGINFO
SIGBUS: [libjvm.so+0xd8cfb0], sa_mask[0]=11111111011111111101111111111110, sa_flags=SA_RESTART|SA_SIGINFO
SIGFPE: [libjvm.so+0xd8cfb0], sa_mask[0]=11111111011111111101111111111110, sa_flags=SA_RESTART|SA_SIGINFO
SIGPIPE: [libjvm.so+0xb85c00], sa_mask[0]=11111111011111111101111111111110, sa_flags=SA_RESTART|SA_SIGINFO
SIGXFSZ: [libjvm.so+0xb85c00], sa_mask[0]=11111111011111111101111111111110, sa_flags=SA_RESTART|SA_SIGINFO
SIGILL: [libjvm.so+0xd8cfb0], sa_mask[0]=11111111011111111101111111111110, sa_flags=SA_RESTART|SA_SIGINFO
SIGUSR2: [libjvm.so+0xb85aa0], sa_mask[0]=00100000000000000000000000000000, sa_flags=SA_RESTART|SA_SIGINFO
SIGHUP: [libjvm.so+0xb85f40], sa_mask[0]=11111111011111111101111111111110, sa_flags=SA_RESTART|SA_SIGINFO
SIGINT: [libjvm.so+0xb85f40], sa_mask[0]=11111111011111111101111111111110, sa_flags=SA_RESTART|SA_SIGINFO
SIGTERM: [libjvm.so+0xb85f40], sa_mask[0]=11111111011111111101111111111110, sa_flags=SA_RESTART|SA_SIGINFO
SIGQUIT: [libjvm.so+0xb85f40], sa_mask[0]=11111111011111111101111111111110, sa_flags=SA_RESTART|SA_SIGINFO


---------------  S Y S T E M  ---------------

OS:DISTRIB_ID=Ubuntu
DISTRIB_RELEASE=20.04
DISTRIB_CODENAME=focal
DISTRIB_DESCRIPTION="Ubuntu 20.04 LTS"
uname:Linux 5.4.0-29-generic #33-Ubuntu SMP Wed Apr 29 14:32:27 UTC 2020 x86_64
OS uptime: 1 days 21:15 hours
libc:glibc 2.31 NPTL 2.31 
rlimit: STACK 8192k, CORE 0k, NPROC 31055, NOFILE 1048576, AS infinity, CPU infinity, DATA infinity, FSIZE infinity
load average:0,89 0,76 0,76

/proc/meminfo:
MemTotal:        8006528 kB
MemFree:         1056136 kB
MemAvailable:    1995268 kB
Buffers:          140560 kB
Cached:          1479392 kB
SwapCached:       156400 kB
Active:          5260032 kB
Inactive:        1234992 kB
Active(anon):    4608408 kB
Inactive(anon):   778492 kB
Active(file):     651624 kB
Inactive(file):   456500 kB
Unevictable:       52844 kB
Mlocked:             240 kB
SwapTotal:       8243196 kB
SwapFree:        7102088 kB
Dirty:              7524 kB
Writeback:             0 kB
AnonPages:       4903892 kB
Mapped:           673112 kB
Shmem:            513808 kB
KReclaimable:     106624 kB
Slab:             260464 kB
SReclaimable:     106624 kB
SUnreclaim:       153840 kB
KernelStack:       20296 kB
PageTables:        52348 kB
NFS_Unstable:          0 kB
Bounce:                0 kB
WritebackTmp:          0 kB
CommitLimit:    12246460 kB
Committed_AS:   13894220 kB
VmallocTotal:   34359738367 kB
VmallocUsed:       40504 kB
VmallocChunk:          0 kB
Percpu:             3824 kB
HardwareCorrupted:     0 kB
AnonHugePages:         0 kB
ShmemHugePages:        0 kB
ShmemPmdMapped:        0 kB
FileHugePages:         0 kB
FilePmdMapped:         0 kB
CmaTotal:              0 kB
CmaFree:               0 kB
HugePages_Total:       0
HugePages_Free:        0
HugePages_Rsvd:        0
HugePages_Surp:        0
Hugepagesize:       2048 kB
Hugetlb:               0 kB
DirectMap4k:      964260 kB
DirectMap2M:     7278592 kB
DirectMap1G:     1048576 kB


/proc/sys/kernel/threads-max (system-wide limit on the number of threads):
62111


/proc/sys/vm/max_map_count (maximum number of memory map areas a process may have):
65530


/proc/sys/kernel/pid_max (system-wide limit on number of process identifiers):
4194304



container (cgroup) information:
container_type: cgroupv1
cpu_cpuset_cpus: 0-3
cpu_memory_nodes: 0
active_processor_count: 4
cpu_quota: -1
cpu_period: 100000
cpu_shares: -1
memory_limit_in_bytes: -1
memory_and_swap_limit_in_bytes: -2
memory_soft_limit_in_bytes: -1
memory_usage_in_bytes: 6083280896
memory_max_usage_in_bytes: 7119499264

Steal ticks since vm start: 0
Steal ticks percentage since vm start:  0,000

CPU:total 4 (initial active 4) (2 cores per cpu, 2 threads per core) family 6 model 78 stepping 3, cmov, cx8, fxsr, mmx, sse, sse2, sse3, ssse3, sse4.1, sse4.2, popcnt, avx, avx2, aes, clmul, erms, 3dnowpref, lzcnt, ht, tsc, tscinvbit, bmi1, bmi2, adx, fma
CPU Model and flags from /proc/cpuinfo:
model name	: Intel(R) Core(TM) i7-6500U CPU @ 2.50GHz
flags		: fpu vme de pse tsc msr pae mce cx8 apic sep mtrr pge mca cmov pat pse36 clflush dts acpi mmx fxsr sse sse2 ss ht tm pbe syscall nx pdpe1gb rdtscp lm constant_tsc art arch_perfmon pebs bts rep_good nopl xtopology nonstop_tsc cpuid aperfmperf pni pclmulqdq dtes64 monitor ds_cpl vmx est tm2 ssse3 sdbg fma cx16 xtpr pdcm pcid sse4_1 sse4_2 x2apic movbe popcnt tsc_deadline_timer aes xsave avx f16c rdrand lahf_lm abm 3dnowprefetch cpuid_fault epb invpcid_single pti ssbd ibrs ibpb stibp tpr_shadow vnmi flexpriority ept vpid ept_ad fsgsbase tsc_adjust bmi1 avx2 smep bmi2 erms invpcid mpx rdseed adx smap clflushopt intel_pt xsaveopt xsavec xgetbv1 xsaves dtherm ida arat pln pts hwp hwp_notify hwp_act_window hwp_epp md_clear flush_l1d

Memory: 4k page, physical 8006528k(1056136k free), swap 8243196k(7102088k free)

vm_info: OpenJDK 64-Bit Server VM (11.0.7+10-post-Ubuntu-3ubuntu1) for linux-amd64 JRE (11.0.7+10-post-Ubuntu-3ubuntu1), built on Apr 16 2020 12:54:17 by "unknown" with gcc 9.3.0

END.
